[0m16:57:31.879415 [debug] [MainThread]: Sending event: {'category': 'dbt', 'action': 'invocation', 'label': 'start', 'context': [<snowplow_tracker.self_describing_json.SelfDescribingJson object at 0x778e30e33f50>, <snowplow_tracker.self_describing_json.SelfDescribingJson object at 0x778e30b981a0>, <snowplow_tracker.self_describing_json.SelfDescribingJson object at 0x778e30e32cf0>]}


============================== 16:57:31.890208 | 706098f0-99e0-45d4-8951-9d8cc010c33e ==============================
[0m16:57:31.890208 [info ] [MainThread]: Running with dbt=1.11.2
[0m16:57:31.893207 [debug] [MainThread]: running dbt with arguments {'log_cache_events': 'False', 'log_format': 'default', 'introspect': 'True', 'debug': 'False', 'version_check': 'True', 'send_anonymous_usage_stats': 'True', 'partial_parse': 'True', 'target_path': 'None', 'indirect_selection': 'eager', 'fail_fast': 'False', 'printer_width': '80', 'write_json': 'True', 'log_path': 'logs', 'use_experimental_parser': 'False', 'warn_error_options': 'WarnErrorOptionsV2(error=[], warn=[], silence=[])', 'invocation_command': 'dbt run', 'static_parser': 'True', 'empty': 'False', 'no_print': 'None', 'use_colors': 'True', 'quiet': 'False', 'cache_selected_only': 'False', 'warn_error': 'None', 'profiles_dir': '/home/homedev/.dbt'}
[0m16:57:31.897481 [error] [MainThread]: Encountered an error:
Runtime Error
  No dbt_project.yml found at expected path /home/homedev/dev/data_engineering/src/dbt_star/dbt_project.yml
  Verify that each entry within packages.yml (and their transitive dependencies) contains a file named dbt_project.yml
  
[0m16:57:31.901547 [debug] [MainThread]: Resource report: {"command_name": "run", "command_success": false, "command_wall_clock_time": 0.10385909, "process_in_blocks": "856", "process_kernel_time": 0.832562, "process_mem_max_rss": "100936", "process_out_blocks": "8", "process_user_time": 0.832562}
[0m16:57:31.903629 [debug] [MainThread]: Command `dbt run` failed at 16:57:31.903340 after 0.11 seconds
[0m16:57:31.905646 [debug] [MainThread]: Sending event: {'category': 'dbt', 'action': 'invocation', 'label': 'end', 'context': [<snowplow_tracker.self_describing_json.SelfDescribingJson object at 0x778e3150ccb0>, <snowplow_tracker.self_describing_json.SelfDescribingJson object at 0x778e3183aba0>, <snowplow_tracker.self_describing_json.SelfDescribingJson object at 0x778e30507f50>]}
[0m16:57:31.913624 [debug] [MainThread]: Flushing usage events
[0m16:57:32.730348 [debug] [MainThread]: An error was encountered while trying to flush usage events
[0m16:58:04.610633 [debug] [MainThread]: Sending event: {'category': 'dbt', 'action': 'invocation', 'label': 'start', 'context': [<snowplow_tracker.self_describing_json.SelfDescribingJson object at 0x7c7d1a99b3b0>, <snowplow_tracker.self_describing_json.SelfDescribingJson object at 0x7c7d1aab4f80>, <snowplow_tracker.self_describing_json.SelfDescribingJson object at 0x7c7d1a73b8c0>]}


============================== 16:58:04.624153 | 22b1871b-fa27-4bc7-bee3-90d17a75af16 ==============================
[0m16:58:04.624153 [info ] [MainThread]: Running with dbt=1.11.2
[0m16:58:04.628454 [debug] [MainThread]: running dbt with arguments {'indirect_selection': 'eager', 'write_json': 'True', 'static_parser': 'True', 'quiet': 'False', 'introspect': 'True', 'use_colors': 'True', 'profiles_dir': '.', 'send_anonymous_usage_stats': 'True', 'target_path': 'None', 'fail_fast': 'False', 'log_format': 'default', 'warn_error_options': 'WarnErrorOptionsV2(error=[], warn=[], silence=[])', 'partial_parse': 'True', 'cache_selected_only': 'False', 'printer_width': '80', 'empty': 'False', 'use_experimental_parser': 'False', 'log_cache_events': 'False', 'warn_error': 'None', 'debug': 'False', 'version_check': 'True', 'log_path': 'logs', 'invocation_command': 'dbt run --profiles-dir .', 'no_print': 'None'}
[0m16:58:04.634988 [error] [MainThread]: Encountered an error:
Runtime Error
  No dbt_project.yml found at expected path /home/homedev/dev/data_engineering/src/dbt_star/dbt_project.yml
  Verify that each entry within packages.yml (and their transitive dependencies) contains a file named dbt_project.yml
  
[0m16:58:04.639114 [debug] [MainThread]: Resource report: {"command_name": "run", "command_success": false, "command_wall_clock_time": 0.17613001, "process_in_blocks": "0", "process_kernel_time": 0.510997, "process_mem_max_rss": "100964", "process_out_blocks": "16", "process_user_time": 2.405165}
[0m16:58:04.645116 [debug] [MainThread]: Command `dbt run` failed at 16:58:04.644895 after 0.18 seconds
[0m16:58:04.648130 [debug] [MainThread]: Sending event: {'category': 'dbt', 'action': 'invocation', 'label': 'end', 'context': [<snowplow_tracker.self_describing_json.SelfDescribingJson object at 0x7c7d1a7e5700>, <snowplow_tracker.self_describing_json.SelfDescribingJson object at 0x7c7d1a7db0e0>, <snowplow_tracker.self_describing_json.SelfDescribingJson object at 0x7c7d1a99b3b0>]}
[0m16:58:04.653894 [debug] [MainThread]: Flushing usage events
[0m16:58:05.335860 [debug] [MainThread]: An error was encountered while trying to flush usage events
